DEBUG:urllib3.connectionpool:Starting new HTTPS connection (1): api.scratch.mit.edu:443
DEBUG:urllib3.connectionpool:https://api.scratch.mit.edu:443 "GET /projects/142 HTTP/1.1" 200 849
ERROR:root:'dict' object has no attribute 'iteritems'; 404 page sent
DEBUG:urllib3.connectionpool:Starting new HTTPS connection (1): api.scratch.mit.edu:443
DEBUG:urllib3.connectionpool:https://api.scratch.mit.edu:443 "GET /projects/142 HTTP/1.1" 200 849
ERROR:root:expected string or bytes-like object; 404 page sent
DEBUG:urllib3.connectionpool:Starting new HTTPS connection (1): api.scratch.mit.edu:443
DEBUG:urllib3.connectionpool:https://api.scratch.mit.edu:443 "GET /projects/142 HTTP/1.1" 200 849
DEBUG:urllib3.connectionpool:Starting new HTTPS connection (1): api.scratch.mit.edu:443
DEBUG:urllib3.connectionpool:https://api.scratch.mit.edu:443 "GET /projects/142 HTTP/1.1" 200 849
DEBUG:urllib3.connectionpool:Starting new HTTPS connection (1): api.scratch.mit.edu:443
DEBUG:urllib3.connectionpool:https://api.scratch.mit.edu:443 "GET /projects/142 HTTP/1.1" 200 849
DEBUG:urllib3.connectionpool:Starting new HTTPS connection (1): api.scratch.mit.edu:443
DEBUG:urllib3.connectionpool:https://api.scratch.mit.edu:443 "GET /projects/142 HTTP/1.1" 200 849
DEBUG:urllib3.connectionpool:Starting new HTTPS connection (1): api.scratch.mit.edu:443
DEBUG:urllib3.connectionpool:https://api.scratch.mit.edu:443 "GET /projects/142 HTTP/1.1" 200 849
DEBUG:urllib3.connectionpool:Starting new HTTPS connection (1): api.scratch.mit.edu:443
DEBUG:urllib3.connectionpool:https://api.scratch.mit.edu:443 "GET /projects/142 HTTP/1.1" 200 849
DEBUG:urllib3.connectionpool:Starting new HTTPS connection (1): api.scratch.mit.edu:443
DEBUG:urllib3.connectionpool:https://api.scratch.mit.edu:443 "GET /projects/142 HTTP/1.1" 200 849
DEBUG:urllib3.connectionpool:Starting new HTTPS connection (1): api.scratch.mit.edu:443
DEBUG:urllib3.connectionpool:https://api.scratch.mit.edu:443 "GET /projects/142 HTTP/1.1" 200 849
DEBUG:urllib3.connectionpool:Starting new HTTPS connection (1): api.scratch.mit.edu:443
DEBUG:urllib3.connectionpool:https://api.scratch.mit.edu:443 "GET /projects/142 HTTP/1.1" 200 849
DEBUG:urllib3.connectionpool:Starting new HTTPS connection (1): api.scratch.mit.edu:443
DEBUG:urllib3.connectionpool:https://api.scratch.mit.edu:443 "GET /projects/142 HTTP/1.1" 200 849
DEBUG:urllib3.connectionpool:Starting new HTTPS connection (1): api.scratch.mit.edu:443
DEBUG:urllib3.connectionpool:https://api.scratch.mit.edu:443 "GET /projects/142 HTTP/1.1" 200 849
DEBUG:urllib3.connectionpool:Starting new HTTPS connection (1): projects.scratch.mit.edu:443
DEBUG:urllib3.connectionpool:https://projects.scratch.mit.edu:443 "GET /internalapi/project/142/get HTTP/1.1" 200 94438
DEBUG:urllib3.connectionpool:Starting new HTTPS connection (1): api.scratch.mit.edu:443
DEBUG:urllib3.connectionpool:https://api.scratch.mit.edu:443 "GET /projects/142 HTTP/1.1" 200 849
DEBUG:urllib3.connectionpool:Starting new HTTPS connection (1): api.scratch.mit.edu:443
DEBUG:urllib3.connectionpool:https://api.scratch.mit.edu:443 "GET /projects/142 HTTP/1.1" 200 849
DEBUG:urllib3.connectionpool:Starting new HTTPS connection (1): api.scratch.mit.edu:443
DEBUG:urllib3.connectionpool:https://api.scratch.mit.edu:443 "GET /projects/142 HTTP/1.1" 200 849
DEBUG:urllib3.connectionpool:Starting new HTTPS connection (1): api.scratch.mit.edu:443
DEBUG:urllib3.connectionpool:https://api.scratch.mit.edu:443 "GET /projects/143 HTTP/1.1" 404 50
ERROR:root:'title'; 404 page sent
DEBUG:urllib3.connectionpool:Starting new HTTPS connection (1): api.scratch.mit.edu:443
DEBUG:urllib3.connectionpool:https://api.scratch.mit.edu:443 "GET /projects/143 HTTP/1.1" 404 50
ERROR:root:'title'; 404 page sent
